#
# A fatal error has been detected by the Java Runtime Environment:
#
#  SIGSEGV (0xb) at pc=0x00007f83223013c8, pid=46201, tid=140201203074816
#
# JRE version: Java(TM) SE Runtime Environment (8.0_91-b14) (build 1.8.0_91-b14)
# Java VM: Java HotSpot(TM) 64-Bit Server VM (25.91-b14 mixed mode linux-amd64 compressed oops)
# Problematic frame:
# C  [libc.so.6+0x6f3c8]  fputs+0x18
#
# Failed to write core dump. Core dumps have been disabled. To enable core dumping, try "ulimit -c unlimited" before starting Java again
#
# If you would like to submit a bug report, please visit:
#   http://bugreport.java.com/bugreport/crash.jsp
# The crash happened outside the Java Virtual Machine in native code.
# See problematic frame for where to report the bug.
#

---------------  T H R E A D  ---------------

Current thread (0x00007f831c008000):  JavaThread "main" [_thread_in_native, id=46202, stack(0x00007f8322d80000,0x00007f8322e81000)]

siginfo: si_signo: 11 (SIGSEGV), si_code: 1 (SEGV_MAPERR), si_addr: 0x0000000000000000

Registers:
RAX=0x000000000000002a, RBX=0x0000000000000000, RCX=0x0000000000000000, RDX=0xc0c0c40000000000
RSP=0x00007f8322e7f680, RBP=0x00007f8322e7f6c0, RSI=0x0000000000000000, RDI=0x00007f8322e7f6c0
R8 =0x000000000000c400, R9 =0x000000000000002a, R10=0x000000000000044b, R11=0x00007f83223013b0
R12=0x000000000000002a, R13=0x00007f82ffc00318, R14=0x00007f8322e7f920, R15=0x00007f831c008000
RIP=0x00007f83223013c8, EFLAGS=0x0000000000010286, CSGSFS=0x002b000000000033, ERR=0x0000000000000004
  TRAPNO=0x000000000000000e

Top of Stack: (sp=0x00007f8322e7f680)
0x00007f8322e7f680:   000000000000002a 00007f82ffc00318
0x00007f8322e7f690:   00007f8322e7f840 0000000000000000
0x00007f8322e7f6a0:   00007f82ffc00318 00007f82fdde6a3c
0x00007f8322e7f6b0:   000000282264e880 00007f831c0e6ac0
0x00007f8322e7f6c0:   6170207473726946 646e6f6365537472
0x00007f8322e7f6d0:   6968547472617020 4674726170206472
0x00007f8322e7f6e0:   747261702072756f 00007f831c000a30
0x00007f8322e7f6f0:   00007f8322e7f880 00007f8322c9fe24
0x00007f8322e7f700:   0000000000000005 0000000000000000
0x00007f8322e7f710:   000000000000000d 00007f82fdde63c8
0x00007f8322e7f720:   00007f8322e7f830 00007f8322ca81ff
0x00007f8322e7f730:   ff0000000000ff00 0000ffffff00ffff
0x00007f8322e7f740:   2525252525252525 2525252525252525
0x00007f8322e7f750:   0000000000000000 0000000000000000
0x00007f8322e7f760:   0000000000000000 0000000000000000
0x00007f8322e7f770:   ff0000000000ff00 0000ffffff00ffff
0x00007f8322e7f780:   6a2f315f6f746365 654862696c2f696e
0x00007f8322e7f790:   2b632d632f676e69 796f72702f632f2b
0x00007f8322e7f7a0:   6e65766574732f74 6d6d6172676f7270
0x00007f8322e7f7b0:   0000000000000000 0000000000000000
0x00007f8322e7f7c0:   000000000000000a 00007f82ffc00318
0x00007f8322e7f7d0:   7261702072756f46 0000000000000074
0x00007f8322e7f7e0:   6170206472696854 00007f8322007472
0x00007f8322e7f7f0:   7020646e6f636553 00007f8300747261
0x00007f8322e7f800:   6170207473726946 0000000000007472
0x00007f8322e7f810:   00007f831c0e0030 00007f831c0e6ac0
0x00007f8322e7f820:   00007f831c0e6a00 00007f82ffc00318
0x00007f8322e7f830:   0000000000000000 000000001c0f38e0
0x00007f8322e7f840:   00007f8322e7f880 00007f82fdde6b6f
0x00007f8322e7f850:   00007f8322e7f910 00000028ffc00318
0x00007f8322e7f860:   00007f8322e7f920 00007f831c0081f8
0x00007f8322e7f870:   00007f831c0e6ac0 00007f831c0e6ac0 

Instructions: (pc=0x00007f83223013c8)
0x00007f83223013a8:   84 00 00 00 00 00 66 90 41 55 41 54 55 53 48 89
0x00007f83223013b8:   f3 48 89 fd 48 83 ec 08 e8 fb db 01 00 49 89 c4
0x00007f83223013c8:   8b 03 25 00 80 00 00 75 56 48 8b 93 88 00 00 00
0x00007f83223013d8:   64 4c 8b 04 25 10 00 00 00 4c 3b 42 08 74 3c be 

Register to memory mapping:

RAX=0x000000000000002a is an unknown value
RBX=0x0000000000000000 is an unknown value
RCX=0x0000000000000000 is an unknown value
RDX=0xc0c0c40000000000 is an unknown value
RSP=0x00007f8322e7f680 is pointing into the stack for thread: 0x00007f831c008000
RBP=0x00007f8322e7f6c0 is pointing into the stack for thread: 0x00007f831c008000
RSI=0x0000000000000000 is an unknown value
RDI=0x00007f8322e7f6c0 is pointing into the stack for thread: 0x00007f831c008000
R8 =0x000000000000c400 is an unknown value
R9 =0x000000000000002a is an unknown value
R10=0x000000000000044b is an unknown value
R11=0x00007f83223013b0: fputs+0 in /lib64/libc.so.6 at 0x00007f8322292000
R12=0x000000000000002a is an unknown value
R13={method} {0x00007f82ffc00318} 'print' '(ILjava/lang/String;)V' in 'HelloWorldFile'
R14=0x00007f8322e7f920 is pointing into the stack for thread: 0x00007f831c008000
R15=0x00007f831c008000 is a thread


Stack: [0x00007f8322d80000,0x00007f8322e81000],  sp=0x00007f8322e7f680,  free space=1021k
Native frames: (J=compiled Java code, j=interpreted, Vv=VM code, C=native code)
C  [libc.so.6+0x6f3c8]  fputs+0x18
C  0x646e6f6365537472

Java frames: (J=compiled Java code, j=interpreted, Vv=VM code)
j  HelloWorldFile.print(ILjava/lang/String;)V+0
j  HelloWorldFile.main([Ljava/lang/String;)V+15
v  ~StubRoutines::call_stub

---------------  P R O C E S S  ---------------

Java Threads: ( => current thread )
  0x00007f831c0e0800 JavaThread "Service Thread" daemon [_thread_blocked, id=46214, stack(0x00007f82fe0e9000,0x00007f82fe1ea000)]
  0x00007f831c0bb800 JavaThread "C1 CompilerThread2" daemon [_thread_blocked, id=46213, stack(0x00007f82fe1ea000,0x00007f82fe2eb000)]
  0x00007f831c0b9800 JavaThread "C2 CompilerThread1" daemon [_thread_blocked, id=46212, stack(0x00007f82fe2eb000,0x00007f82fe3ec000)]
  0x00007f831c0b6800 JavaThread "C2 CompilerThread0" daemon [_thread_blocked, id=46211, stack(0x00007f82fe3ec000,0x00007f82fe4ed000)]
  0x00007f831c0b5800 JavaThread "Signal Dispatcher" daemon [_thread_blocked, id=46210, stack(0x00007f82fe4ed000,0x00007f82fe5ee000)]
  0x00007f831c082800 JavaThread "Finalizer" daemon [_thread_blocked, id=46209, stack(0x00007f82fe5ee000,0x00007f82fe6ef000)]
  0x00007f831c07e000 JavaThread "Reference Handler" daemon [_thread_blocked, id=46208, stack(0x00007f82fe6ef000,0x00007f82fe7f0000)]
=>0x00007f831c008000 JavaThread "main" [_thread_in_native, id=46202, stack(0x00007f8322d80000,0x00007f8322e81000)]

Other Threads:
  0x00007f831c076000 VMThread [stack: 0x00007f82fe7f0000,0x00007f82fe8f1000] [id=46207]
  0x00007f831c0e3800 WatcherThread [stack: 0x00007f82fdfe8000,0x00007f82fe0e9000] [id=46215]

VM state:not at safepoint (normal execution)

VM Mutex/Monitor currently owned by a thread: None

Heap:
 PSYoungGen      total 37888K, used 1310K [0x00000000d6700000, 0x00000000d9100000, 0x0000000100000000)
  eden space 32768K, 4% used [0x00000000d6700000,0x00000000d6847b08,0x00000000d8700000)
  from space 5120K, 0% used [0x00000000d8c00000,0x00000000d8c00000,0x00000000d9100000)
  to   space 5120K, 0% used [0x00000000d8700000,0x00000000d8700000,0x00000000d8c00000)
 ParOldGen       total 86016K, used 0K [0x0000000083400000, 0x0000000088800000, 0x00000000d6700000)
  object space 86016K, 0% used [0x0000000083400000,0x0000000083400000,0x0000000088800000)
 Metaspace       used 2459K, capacity 4486K, committed 4864K, reserved 1056768K
  class space    used 267K, capacity 386K, committed 512K, reserved 1048576K

Card table byte_map: [0x00007f830cc19000,0x00007f830d000000] byte_map_base: 0x00007f830c7ff000

Marking Bits: (ParMarkBitMap*) 0x00007f8322265d60
 Begin Bits: [0x00007f82f41a0000, 0x00007f82f60d0000)
 End Bits:   [0x00007f82f60d0000, 0x00007f82f8000000)

Polling page: 0x00007f8322eb2000

CodeCache: size=245760Kb used=1078Kb max_used=1089Kb free=244681Kb
 bounds [0x00007f830d000000, 0x00007f830d270000, 0x00007f831c000000]
 total_blobs=240 nmethods=13 adapters=143
 compilation: enabled

Compilation events (10 events):
Event: 0,071 Thread 0x00007f831c0bb800    9       3       java.lang.Math::min (11 bytes)
Event: 0,071 Thread 0x00007f831c0bb800 nmethod 9 0x00007f830d10a350 code [0x00007f830d10a4c0, 0x00007f830d10a650]
Event: 0,071 Thread 0x00007f831c0bb800   10       1       java.lang.ref.Reference::get (5 bytes)
Event: 0,071 Thread 0x00007f831c0bb800 nmethod 10 0x00007f830d109fd0 code [0x00007f830d10a120, 0x00007f830d10a230]
Event: 0,071 Thread 0x00007f831c0bb800   11       3       java.util.Arrays::copyOfRange (63 bytes)
Event: 0,072 Thread 0x00007f831c0bb800 nmethod 11 0x00007f830d10b210 code [0x00007f830d10b420, 0x00007f830d10bf38]
Event: 0,073 Thread 0x00007f831c0bb800   12       1       java.lang.ThreadLocal::access$400 (5 bytes)
Event: 0,073 Thread 0x00007f831c0bb800 nmethod 12 0x00007f830d109c50 code [0x00007f830d109da0, 0x00007f830d109e90]
Event: 0,075 Thread 0x00007f831c0bb800   13       3       java.lang.String::getChars (62 bytes)
Event: 0,075 Thread 0x00007f831c0bb800 nmethod 13 0x00007f830d10d210 code [0x00007f830d10d3c0, 0x00007f830d10d7f8]

GC Heap History (0 events):
No events

Deoptimization events (0 events):
No events

Internal exceptions (2 events):
Event: 0,036 Thread 0x00007f831c008000 Exception <a 'java/lang/NoSuchMethodError': Method sun.misc.Unsafe.defineClass(Ljava/lang/String;[BII)Ljava/lang/Class; name or signature does not match> (0x00000000d6707cc0) thrown at [/HUDSON/workspace/8-2-build-linux-amd64/jdk8u91/6644/hotspot/src/shar
Event: 0,036 Thread 0x00007f831c008000 Exception <a 'java/lang/NoSuchMethodError': Method sun.misc.Unsafe.prefetchRead(Ljava/lang/Object;J)V name or signature does not match> (0x00000000d6707fa8) thrown at [/HUDSON/workspace/8-2-build-linux-amd64/jdk8u91/6644/hotspot/src/share/vm/prims/jni.cpp

Events (10 events):
Event: 0,076 loading class java/security/BasicPermissionCollection
Event: 0,076 loading class java/security/BasicPermissionCollection done
Event: 0,077 loading class sun/launcher/LauncherHelper$FXHelper
Event: 0,077 loading class sun/launcher/LauncherHelper$FXHelper done
Event: 0,077 loading class java/lang/Class$MethodArray
Event: 0,077 loading class java/lang/Class$MethodArray done
Event: 0,077 loading class java/lang/Void
Event: 0,077 loading class java/lang/Void done
Event: 0,077 loading class java/lang/ClassLoaderHelper
Event: 0,077 loading class java/lang/ClassLoaderHelper done


Dynamic libraries:
00400000-00401000 r-xp 00000000 08:02 19537642                           /usr/java/jdk1.8.0_91/jre/bin/java
00600000-00601000 rw-p 00000000 08:02 19537642                           /usr/java/jdk1.8.0_91/jre/bin/java
01f00000-01f21000 rw-p 00000000 00:00 0                                  [heap]
83400000-88800000 rw-p 00000000 00:00 0 
88800000-d6700000 ---p 00000000 00:00 0 
d6700000-d9100000 rw-p 00000000 00:00 0 
d9100000-100000000 ---p 00000000 00:00 0 
100000000-100080000 rw-p 00000000 00:00 0 
100080000-140000000 ---p 00000000 00:00 0 
7f82c4000000-7f82c4021000 rw-p 00000000 00:00 0 
7f82c4021000-7f82c8000000 ---p 00000000 00:00 0 
7f82cc000000-7f82cc02d000 rw-p 00000000 00:00 0 
7f82cc02d000-7f82d0000000 ---p 00000000 00:00 0 
7f82d0000000-7f82d0021000 rw-p 00000000 00:00 0 
7f82d0021000-7f82d4000000 ---p 00000000 00:00 0 
7f82d4000000-7f82d4021000 rw-p 00000000 00:00 0 
7f82d4021000-7f82d8000000 ---p 00000000 00:00 0 
7f82d8000000-7f82d8045000 rw-p 00000000 00:00 0 
7f82d8045000-7f82dc000000 ---p 00000000 00:00 0 
7f82dc000000-7f82dc021000 rw-p 00000000 00:00 0 
7f82dc021000-7f82e0000000 ---p 00000000 00:00 0 
7f82e153c000-7f82e8000000 r--p 00000000 08:02 19013087                   /usr/lib/locale/locale-archive
7f82e8000000-7f82e8021000 rw-p 00000000 00:00 0 
7f82e8021000-7f82ec000000 ---p 00000000 00:00 0 
7f82ec000000-7f82ec021000 rw-p 00000000 00:00 0 
7f82ec021000-7f82f0000000 ---p 00000000 00:00 0 
7f82f0000000-7f82f0021000 rw-p 00000000 00:00 0 
7f82f0021000-7f82f4000000 ---p 00000000 00:00 0 
7f82f41a0000-7f82f8000000 rw-p 00000000 00:00 0 
7f82f8000000-7f82f8021000 rw-p 00000000 00:00 0 
7f82f8021000-7f82fc000000 ---p 00000000 00:00 0 
7f82fdde6000-7f82fdde7000 r-xp 00000000 08:02 9573455                    /home/steven/development/stevenprogramming_git/stevenprogramming/c-c++/c/proyecto_1/jni/libHelloWorldFile.so
7f82fdde7000-7f82fdfe6000 ---p 00001000 08:02 9573455                    /home/steven/development/stevenprogramming_git/stevenprogramming/c-c++/c/proyecto_1/jni/libHelloWorldFile.so
7f82fdfe6000-7f82fdfe7000 r--p 00000000 08:02 9573455                    /home/steven/development/stevenprogramming_git/stevenprogramming/c-c++/c/proyecto_1/jni/libHelloWorldFile.so
7f82fdfe7000-7f82fdfe8000 rw-p 00001000 08:02 9573455                    /home/steven/development/stevenprogramming_git/stevenprogramming/c-c++/c/proyecto_1/jni/libHelloWorldFile.so
7f82fdfe8000-7f82fdfe9000 ---p 00000000 00:00 0 
7f82fdfe9000-7f82fe0e9000 rw-p 00000000 00:00 0 
7f82fe0e9000-7f82fe0ec000 ---p 00000000 00:00 0 
7f82fe0ec000-7f82fe1ea000 rw-p 00000000 00:00 0 
7f82fe1ea000-7f82fe1ed000 ---p 00000000 00:00 0 
7f82fe1ed000-7f82fe2eb000 rw-p 00000000 00:00 0 
7f82fe2eb000-7f82fe2ee000 ---p 00000000 00:00 0 
7f82fe2ee000-7f82fe3ec000 rw-p 00000000 00:00 0 
7f82fe3ec000-7f82fe3ef000 ---p 00000000 00:00 0 
7f82fe3ef000-7f82fe4ed000 rw-p 00000000 00:00 0 
7f82fe4ed000-7f82fe4f0000 ---p 00000000 00:00 0 
7f82fe4f0000-7f82fe5ee000 rw-p 00000000 00:00 0 
7f82fe5ee000-7f82fe5f1000 ---p 00000000 00:00 0 
7f82fe5f1000-7f82fe6ef000 rw-p 00000000 00:00 0 
7f82fe6ef000-7f82fe6f2000 ---p 00000000 00:00 0 
7f82fe6f2000-7f82fe7f0000 rw-p 00000000 00:00 0 
7f82fe7f0000-7f82fe7f1000 ---p 00000000 00:00 0 
7f82fe7f1000-7f82ffc40000 rw-p 00000000 00:00 0 
7f82ffc40000-7f8300000000 ---p 00000000 00:00 0 
7f8300000000-7f8300021000 rw-p 00000000 00:00 0 
7f8300021000-7f8304000000 ---p 00000000 00:00 0 
7f8304000000-7f8304021000 rw-p 00000000 00:00 0 
7f8304021000-7f8308000000 ---p 00000000 00:00 0 
7f8308000000-7f8308021000 rw-p 00000000 00:00 0 
7f8308021000-7f830c000000 ---p 00000000 00:00 0 
7f830c006000-7f830c048000 rw-p 00000000 00:00 0 
7f830c048000-7f830c220000 r--s 03cd8000 08:02 19537721                   /usr/java/jdk1.8.0_91/jre/lib/rt.jar
7f830c220000-7f830c67c000 rw-p 00000000 00:00 0 
7f830c67c000-7f830c67d000 ---p 00000000 00:00 0 
7f830c67d000-7f830c77d000 rw-p 00000000 00:00 0 
7f830c77d000-7f830c77e000 ---p 00000000 00:00 0 
7f830c77e000-7f830c87e000 rw-p 00000000 00:00 0 
7f830c87e000-7f830c87f000 ---p 00000000 00:00 0 
7f830c87f000-7f830c9a9000 rw-p 00000000 00:00 0 
7f830c9a9000-7f830cc19000 ---p 00000000 00:00 0 
7f830cc19000-7f830cc43000 rw-p 00000000 00:00 0 
7f830cc43000-7f830ceb2000 ---p 00000000 00:00 0 
7f830ceb2000-7f830cec8000 rw-p 00000000 00:00 0 
7f830cec8000-7f830cfff000 ---p 00000000 00:00 0 
7f830cfff000-7f830d000000 rw-p 00000000 00:00 0 
7f830d000000-7f830d270000 rwxp 00000000 00:00 0 
7f830d270000-7f831c000000 ---p 00000000 00:00 0 
7f831c000000-7f831c0f6000 rw-p 00000000 00:00 0 
7f831c0f6000-7f8320000000 ---p 00000000 00:00 0 
7f8320005000-7f8320075000 rw-p 00000000 00:00 0 
7f8320075000-7f8320076000 ---p 00000000 00:00 0 
7f8320076000-7f8320180000 rw-p 00000000 00:00 0 
7f8320180000-7f8320536000 ---p 00000000 00:00 0 
7f8320536000-7f8320550000 r-xp 00000000 08:02 19537715                   /usr/java/jdk1.8.0_91/jre/lib/amd64/libzip.so
7f8320550000-7f8320750000 ---p 0001a000 08:02 19537715                   /usr/java/jdk1.8.0_91/jre/lib/amd64/libzip.so
7f8320750000-7f8320751000 rw-p 0001a000 08:02 19537715                   /usr/java/jdk1.8.0_91/jre/lib/amd64/libzip.so
7f8320751000-7f832075b000 r-xp 00000000 08:02 18616499                   /usr/lib64/libnss_files-2.24.so
7f832075b000-7f832095b000 ---p 0000a000 08:02 18616499                   /usr/lib64/libnss_files-2.24.so
7f832095b000-7f832095c000 r--p 0000a000 08:02 18616499                   /usr/lib64/libnss_files-2.24.so
7f832095c000-7f832095d000 rw-p 0000b000 08:02 18616499                   /usr/lib64/libnss_files-2.24.so
7f832095d000-7f8320963000 rw-p 00000000 00:00 0 
7f8320963000-7f832098d000 r-xp 00000000 08:02 19537679                   /usr/java/jdk1.8.0_91/jre/lib/amd64/libjava.so
7f832098d000-7f8320b8d000 ---p 0002a000 08:02 19537679                   /usr/java/jdk1.8.0_91/jre/lib/amd64/libjava.so
7f8320b8d000-7f8320b8f000 rw-p 0002a000 08:02 19537679                   /usr/java/jdk1.8.0_91/jre/lib/amd64/libjava.so
7f8320b8f000-7f8320b9c000 r-xp 00000000 08:02 19537714                   /usr/java/jdk1.8.0_91/jre/lib/amd64/libverify.so
7f8320b9c000-7f8320d9c000 ---p 0000d000 08:02 19537714                   /usr/java/jdk1.8.0_91/jre/lib/amd64/libverify.so
7f8320d9c000-7f8320d9e000 rw-p 0000d000 08:02 19537714                   /usr/java/jdk1.8.0_91/jre/lib/amd64/libverify.so
7f8320d9e000-7f8320da5000 r-xp 00000000 08:02 18616908                   /usr/lib64/librt-2.24.so
7f8320da5000-7f8320fa4000 ---p 00007000 08:02 18616908                   /usr/lib64/librt-2.24.so
7f8320fa4000-7f8320fa5000 r--p 00006000 08:02 18616908                   /usr/lib64/librt-2.24.so
7f8320fa5000-7f8320fa6000 rw-p 00007000 08:02 18616908                   /usr/lib64/librt-2.24.so
7f8320fa6000-7f83210ae000 r-xp 00000000 08:02 18616287                   /usr/lib64/libm-2.24.so
7f83210ae000-7f83212ad000 ---p 00108000 08:02 18616287                   /usr/lib64/libm-2.24.so
7f83212ad000-7f83212ae000 r--p 00107000 08:02 18616287                   /usr/lib64/libm-2.24.so
7f83212ae000-7f83212af000 rw-p 00108000 08:02 18616287                   /usr/lib64/libm-2.24.so
7f83212af000-7f8321f6f000 r-xp 00000000 08:02 19664111                   /usr/java/jdk1.8.0_91/jre/lib/amd64/server/libjvm.so
7f8321f6f000-7f832216f000 ---p 00cc0000 08:02 19664111                   /usr/java/jdk1.8.0_91/jre/lib/amd64/server/libjvm.so
7f832216f000-7f8322247000 rw-p 00cc0000 08:02 19664111                   /usr/java/jdk1.8.0_91/jre/lib/amd64/server/libjvm.so
7f8322247000-7f8322292000 rw-p 00000000 00:00 0 
7f8322292000-7f832244f000 r-xp 00000000 08:02 18615827                   /usr/lib64/libc-2.24.so
7f832244f000-7f832264e000 ---p 001bd000 08:02 18615827                   /usr/lib64/libc-2.24.so
7f832264e000-7f8322652000 r--p 001bc000 08:02 18615827                   /usr/lib64/libc-2.24.so
7f8322652000-7f8322654000 rw-p 001c0000 08:02 18615827                   /usr/lib64/libc-2.24.so
7f8322654000-7f8322658000 rw-p 00000000 00:00 0 
7f8322658000-7f832265b000 r-xp 00000000 08:02 18615970                   /usr/lib64/libdl-2.24.so
7f832265b000-7f832285a000 ---p 00003000 08:02 18615970                   /usr/lib64/libdl-2.24.so
7f832285a000-7f832285b000 r--p 00002000 08:02 18615970                   /usr/lib64/libdl-2.24.so
7f832285b000-7f832285c000 rw-p 00003000 08:02 18615970                   /usr/lib64/libdl-2.24.so
7f832285c000-7f8322871000 r-xp 00000000 08:02 19664107                   /usr/java/jdk1.8.0_91/jre/lib/amd64/jli/libjli.so
7f8322871000-7f8322a71000 ---p 00015000 08:02 19664107                   /usr/java/jdk1.8.0_91/jre/lib/amd64/jli/libjli.so
7f8322a71000-7f8322a72000 rw-p 00015000 08:02 19664107                   /usr/java/jdk1.8.0_91/jre/lib/amd64/jli/libjli.so
7f8322a72000-7f8322a8a000 r-xp 00000000 08:02 18616655                   /usr/lib64/libpthread-2.24.so
7f8322a8a000-7f8322c8a000 ---p 00018000 08:02 18616655                   /usr/lib64/libpthread-2.24.so
7f8322c8a000-7f8322c8b000 r--p 00018000 08:02 18616655                   /usr/lib64/libpthread-2.24.so
7f8322c8b000-7f8322c8c000 rw-p 00019000 08:02 18616655                   /usr/lib64/libpthread-2.24.so
7f8322c8c000-7f8322c90000 rw-p 00000000 00:00 0 
7f8322c90000-7f8322cb5000 r-xp 00000000 08:02 18612803                   /usr/lib64/ld-2.24.so
7f8322cb5000-7f8322d80000 rw-p 00000000 00:00 0 
7f8322d80000-7f8322d83000 ---p 00000000 00:00 0 
7f8322d83000-7f8322e83000 rw-p 00000000 00:00 0 
7f8322e88000-7f8322ea9000 rw-p 00000000 00:00 0 
7f8322ea9000-7f8322eb1000 rw-s 00000000 00:27 5582117                    /tmp/hsperfdata_steven/46201
7f8322eb1000-7f8322eb2000 rw-p 00000000 00:00 0 
7f8322eb2000-7f8322eb3000 r--p 00000000 00:00 0 
7f8322eb3000-7f8322eb5000 rw-p 00000000 00:00 0 
7f8322eb5000-7f8322eb6000 r--p 00025000 08:02 18612803                   /usr/lib64/ld-2.24.so
7f8322eb6000-7f8322eb7000 rw-p 00026000 08:02 18612803                   /usr/lib64/ld-2.24.so
7f8322eb7000-7f8322eb8000 rw-p 00000000 00:00 0 
7ffdde9ed000-7ffddea0f000 rw-p 00000000 00:00 0                          [stack]
7ffddebf6000-7ffddebf8000 r--p 00000000 00:00 0                          [vvar]
7ffddebf8000-7ffddebfa000 r-xp 00000000 00:00 0                          [vdso]
ffffffffff600000-ffffffffff601000 r-xp 00000000 00:00 0                  [vsyscall]

VM Arguments:
jvm_args: -Djava.library.path=. 
java_command: HelloWorldFile
java_class_path (initial): .
Launcher Type: SUN_STANDARD

Environment Variables:
JAVA_HOME=/usr/java/jdk1.8.0_91
PATH=/home/steven/development/AEM6.1/sources/apache-maven/apache-maven-3.3.9//bin:/usr/lib64/qt-3.3/bin:/usr/local/bin:/usr/bin:/bin:/usr/local/sbin:/usr/sbin:/home/steven/.local/bin:/home/steven/bin:/usr/java/jdk1.8.0_91/bin
SHELL=/bin/bash
DISPLAY=:0

Signal Handlers:
SIGSEGV: [libjvm.so+0xabca10], sa_mask[0]=11111111011111111101111111111110, sa_flags=SA_RESTART|SA_SIGINFO
SIGBUS: [libjvm.so+0xabca10], sa_mask[0]=11111111011111111101111111111110, sa_flags=SA_RESTART|SA_SIGINFO
SIGFPE: [libjvm.so+0x919a20], sa_mask[0]=11111111011111111101111111111110, sa_flags=SA_RESTART|SA_SIGINFO
SIGPIPE: [libjvm.so+0x919a20], sa_mask[0]=11111111011111111101111111111110, sa_flags=SA_RESTART|SA_SIGINFO
SIGXFSZ: [libjvm.so+0x919a20], sa_mask[0]=11111111011111111101111111111110, sa_flags=SA_RESTART|SA_SIGINFO
SIGILL: [libjvm.so+0x919a20], sa_mask[0]=11111111011111111101111111111110, sa_flags=SA_RESTART|SA_SIGINFO
SIGUSR1: SIG_DFL, sa_mask[0]=00000000000000000000000000000000, sa_flags=none
SIGUSR2: [libjvm.so+0x91b050], sa_mask[0]=00000000000000000000000000000000, sa_flags=SA_RESTART|SA_SIGINFO
SIGHUP: [libjvm.so+0x91c450], sa_mask[0]=11111111011111111101111111111110, sa_flags=SA_RESTART|SA_SIGINFO
SIGINT: [libjvm.so+0x91c450], sa_mask[0]=11111111011111111101111111111110, sa_flags=SA_RESTART|SA_SIGINFO
SIGTERM: [libjvm.so+0x91c450], sa_mask[0]=11111111011111111101111111111110, sa_flags=SA_RESTART|SA_SIGINFO
SIGQUIT: [libjvm.so+0x91c450], sa_mask[0]=11111111011111111101111111111110, sa_flags=SA_RESTART|SA_SIGINFO


---------------  S Y S T E M  ---------------

OS:Fedora release 25 (Twenty Five)

uname:Linux 4.9.3-200.fc25.x86_64 #1 SMP Fri Jan 13 01:01:13 UTC 2017 x86_64
libc:glibc 2.24 NPTL 2.24 
rlimit: STACK 8192k, CORE 0k, NPROC 65536, NOFILE 16384, AS infinity
load average:0,02 0,12 0,16

/proc/meminfo:
MemTotal:        8175024 kB
MemFree:         1324100 kB
MemAvailable:    3874164 kB
Buffers:          484676 kB
Cached:          2073228 kB
SwapCached:            0 kB
Active:          5140940 kB
Inactive:         844688 kB
Active(anon):    3434324 kB
Inactive(anon):   145324 kB
Active(file):    1706616 kB
Inactive(file):   699364 kB
Unevictable:          32 kB
Mlocked:              32 kB
SwapTotal:             0 kB
SwapFree:              0 kB
Dirty:             33408 kB
Writeback:             0 kB
AnonPages:       3427836 kB
Mapped:           586296 kB
Shmem:            151924 kB
Slab:             550604 kB
SReclaimable:     449984 kB
SUnreclaim:       100620 kB
KernelStack:       16600 kB
PageTables:       105076 kB
NFS_Unstable:          0 kB
Bounce:                0 kB
WritebackTmp:          0 kB
CommitLimit:     4087512 kB
Committed_AS:   13513992 kB
VmallocTotal:   34359738367 kB
VmallocUsed:           0 kB
VmallocChunk:          0 kB
HardwareCorrupted:     0 kB
AnonHugePages:      2048 kB
ShmemHugePages:        0 kB
ShmemPmdMapped:        0 kB
CmaTotal:              0 kB
CmaFree:               0 kB
HugePages_Total:       0
HugePages_Free:        0
HugePages_Rsvd:        0
HugePages_Surp:        0
Hugepagesize:       2048 kB
DirectMap4k:     1304192 kB
DirectMap2M:     7084032 kB
DirectMap1G:     2097152 kB


CPU:total 4 (4 cores per cpu, 1 threads per core) family 16 model 4 stepping 2, cmov, cx8, fxsr, mmx, sse, sse2, sse3, popcnt, mmxext, 3dnowpref, lzcnt, sse4a, tsc, tscinvbit, tscinv

/proc/cpuinfo:
processor	: 0
vendor_id	: AuthenticAMD
cpu family	: 16
model		: 4
model name	: AMD Phenom(tm) II X4 945 Processor
stepping	: 2
microcode	: 0x10000db
cpu MHz		: 800.000
cache size	: 512 KB
physical id	: 0
siblings	: 4
core id		: 0
cpu cores	: 4
apicid		: 0
initial apicid	: 0
fpu		: yes
fpu_exception	: yes
cpuid level	: 5
wp		: yes
flags		: fpu vme de pse tsc msr pae mce cx8 apic sep mtrr pge mca cmov pat pse36 clflush mmx fxsr sse sse2 ht syscall nx mmxext fxsr_opt pdpe1gb rdtscp lm 3dnowext 3dnow constant_tsc rep_good nopl nonstop_tsc extd_apicid eagerfpu pni monitor cx16 popcnt lahf_lm cmp_legacy svm extapic cr8_legacy abm sse4a misalignsse 3dnowprefetch osvw ibs skinit wdt hw_pstate vmmcall npt lbrv svm_lock nrip_save
bugs		: tlb_mmatch fxsave_leak sysret_ss_attrs null_seg
bogomips	: 6027.64
TLB size	: 1024 4K pages
clflush size	: 64
cache_alignment	: 64
address sizes	: 48 bits physical, 48 bits virtual
power management: ts ttp tm stc 100mhzsteps hwpstate

processor	: 1
vendor_id	: AuthenticAMD
cpu family	: 16
model		: 4
model name	: AMD Phenom(tm) II X4 945 Processor
stepping	: 2
microcode	: 0x10000db
cpu MHz		: 1800.000
cache size	: 512 KB
physical id	: 0
siblings	: 4
core id		: 1
cpu cores	: 4
apicid		: 1
initial apicid	: 1
fpu		: yes
fpu_exception	: yes
cpuid level	: 5
wp		: yes
flags		: fpu vme de pse tsc msr pae mce cx8 apic sep mtrr pge mca cmov pat pse36 clflush mmx fxsr sse sse2 ht syscall nx mmxext fxsr_opt pdpe1gb rdtscp lm 3dnowext 3dnow constant_tsc rep_good nopl nonstop_tsc extd_apicid eagerfpu pni monitor cx16 popcnt lahf_lm cmp_legacy svm extapic cr8_legacy abm sse4a misalignsse 3dnowprefetch osvw ibs skinit wdt hw_pstate vmmcall npt lbrv svm_lock nrip_save
bugs		: tlb_mmatch fxsave_leak sysret_ss_attrs null_seg
bogomips	: 6027.26
TLB size	: 1024 4K pages
clflush size	: 64
cache_alignment	: 64
address sizes	: 48 bits physical, 48 bits virtual
power management: ts ttp tm stc 100mhzsteps hwpstate

processor	: 2
vendor_id	: AuthenticAMD
cpu family	: 16
model		: 4
model name	: AMD Phenom(tm) II X4 945 Processor
stepping	: 2
microcode	: 0x10000db
cpu MHz		: 800.000
cache size	: 512 KB
physical id	: 0
siblings	: 4
core id		: 2
cpu cores	: 4
apicid		: 2
initial apicid	: 2
fpu		: yes
fpu_exception	: yes
cpuid level	: 5
wp		: yes
flags		: fpu vme de pse tsc msr pae mce cx8 apic sep mtrr pge mca cmov pat pse36 clflush mmx fxsr sse sse2 ht syscall nx mmxext fxsr_opt pdpe1gb rdtscp lm 3dnowext 3dnow constant_tsc rep_good nopl nonstop_tsc extd_apicid eagerfpu pni monitor cx16 popcnt lahf_lm cmp_legacy svm extapic cr8_legacy abm sse4a misalignsse 3dnowprefetch osvw ibs skinit wdt hw_pstate vmmcall npt lbrv svm_lock nrip_save
bugs		: tlb_mmatch fxsave_leak sysret_ss_attrs null_seg
bogomips	: 6027.26
TLB size	: 1024 4K pages
clflush size	: 64
cache_alignment	: 64
address sizes	: 48 bits physical, 48 bits virtual
power management: ts ttp tm stc 100mhzsteps hwpstate

processor	: 3
vendor_id	: AuthenticAMD
cpu family	: 16
model		: 4
model name	: AMD Phenom(tm) II X4 945 Processor
stepping	: 2
microcode	: 0x10000db
cpu MHz		: 3000.000
cache size	: 512 KB
physical id	: 0
siblings	: 4
core id		: 3
cpu cores	: 4
apicid		: 3
initial apicid	: 3
fpu		: yes
fpu_exception	: yes
cpuid level	: 5
wp		: yes
flags		: fpu vme de pse tsc msr pae mce cx8 apic sep mtrr pge mca cmov pat pse36 clflush mmx fxsr sse sse2 ht syscall nx mmxext fxsr_opt pdpe1gb rdtscp lm 3dnowext 3dnow constant_tsc rep_good nopl nonstop_tsc extd_apicid eagerfpu pni monitor cx16 popcnt lahf_lm cmp_legacy svm extapic cr8_legacy abm sse4a misalignsse 3dnowprefetch osvw ibs skinit wdt hw_pstate vmmcall npt lbrv svm_lock nrip_save
bugs		: tlb_mmatch fxsave_leak sysret_ss_attrs null_seg
bogomips	: 6027.26
TLB size	: 1024 4K pages
clflush size	: 64
cache_alignment	: 64
address sizes	: 48 bits physical, 48 bits virtual
power management: ts ttp tm stc 100mhzsteps hwpstate



Memory: 4k page, physical 8175024k(1324100k free), swap 0k(0k free)

vm_info: Java HotSpot(TM) 64-Bit Server VM (25.91-b14) for linux-amd64 JRE (1.8.0_91-b14), built on Apr  1 2016 00:57:21 by "java_re" with gcc 4.3.0 20080428 (Red Hat 4.3.0-8)

time: Sun Jan 22 00:45:22 2017
elapsed time: 0 seconds (0d 0h 0m 0s)

