#
# A fatal error has been detected by the Java Runtime Environment:
#
#  SIGSEGV (0xb) at pc=0x00007f5a24ba93c8, pid=46101, tid=140025152046848
#
# JRE version: Java(TM) SE Runtime Environment (8.0_91-b14) (build 1.8.0_91-b14)
# Java VM: Java HotSpot(TM) 64-Bit Server VM (25.91-b14 mixed mode linux-amd64 compressed oops)
# Problematic frame:
# C  [libc.so.6+0x6f3c8]  fputs+0x18
#
# Failed to write core dump. Core dumps have been disabled. To enable core dumping, try "ulimit -c unlimited" before starting Java again
#
# If you would like to submit a bug report, please visit:
#   http://bugreport.java.com/bugreport/crash.jsp
# The crash happened outside the Java Virtual Machine in native code.
# See problematic frame for where to report the bug.
#

---------------  T H R E A D  ---------------

Current thread (0x00007f5a1c008000):  JavaThread "main" [_thread_in_native, id=46102, stack(0x00007f5a25628000,0x00007f5a25729000)]

siginfo: si_signo: 11 (SIGSEGV), si_code: 1 (SEGV_MAPERR), si_addr: 0x0000000000000000

Registers:
RAX=0x000000000000002a, RBX=0x0000000000000000, RCX=0x0000000000000000, RDX=0xc0c0c40000000000
RSP=0x00007f5a25727680, RBP=0x00007f5a257276c0, RSI=0x0000000000000000, RDI=0x00007f5a257276c0
R8 =0x000000000000c400, R9 =0x000000000000002a, R10=0x000000000000044b, R11=0x00007f5a24ba93b0
R12=0x000000000000002a, R13=0x00007f5a217b3318, R14=0x00007f5a25727920, R15=0x00007f5a1c008000
RIP=0x00007f5a24ba93c8, EFLAGS=0x0000000000010286, CSGSFS=0x002b000000000033, ERR=0x0000000000000004
  TRAPNO=0x000000000000000e

Top of Stack: (sp=0x00007f5a25727680)
0x00007f5a25727680:   000000000000002a 00007f5a217b3318
0x00007f5a25727690:   00007f5a25727840 0000000000000000
0x00007f5a257276a0:   00007f5a217b3318 00007f5a0c5f6a3c
0x00007f5a257276b0:   0000002824ef6880 00007f5a1c0e6ac0
0x00007f5a257276c0:   6170207473726946 646e6f6365537472
0x00007f5a257276d0:   6968547472617020 4674726170206472
0x00007f5a257276e0:   747261702072756f 00007f5a1c000a30
0x00007f5a257276f0:   00007f5a25727880 00007f5a25547e24
0x00007f5a25727700:   0000000000000005 0000000000000000
0x00007f5a25727710:   000000000000000d 00007f5a0c5f63c8
0x00007f5a25727720:   00007f5a25727830 00007f5a255501ff
0x00007f5a25727730:   ff0000000000ff00 0000ffffff00ffff
0x00007f5a25727740:   2525252525252525 2525252525252525
0x00007f5a25727750:   0000000000000000 0000000000000000
0x00007f5a25727760:   0000000000000000 0000000000000000
0x00007f5a25727770:   ff0000000000ff00 0000ffffff00ffff
0x00007f5a25727780:   6a2f315f6f746365 654862696c2f696e
0x00007f5a25727790:   2b632d632f676e69 796f72702f632f2b
0x00007f5a257277a0:   6e65766574732f74 6d6d6172676f7270
0x00007f5a257277b0:   0000000000000000 0000000000000000
0x00007f5a257277c0:   000000000000000a 00007f5a217b3318
0x00007f5a257277d0:   7261702072756f46 0000000000000074
0x00007f5a257277e0:   6170206472696854 00007f5a25007472
0x00007f5a257277f0:   7020646e6f636553 00007f5a00747261
0x00007f5a25727800:   6170207473726946 0000000000007472
0x00007f5a25727810:   00007f5a1c0e0030 00007f5a1c0e6ac0
0x00007f5a25727820:   00007f5a1c0e6a00 00007f5a217b3318
0x00007f5a25727830:   0000000000000000 000000001c0f38e0
0x00007f5a25727840:   00007f5a25727880 00007f5a0c5f6b6f
0x00007f5a25727850:   00007f5a25727910 00000028217b3318
0x00007f5a25727860:   00007f5a25727920 00007f5a1c0081f8
0x00007f5a25727870:   00007f5a1c0e6ac0 00007f5a1c0e6ac0 

Instructions: (pc=0x00007f5a24ba93c8)
0x00007f5a24ba93a8:   84 00 00 00 00 00 66 90 41 55 41 54 55 53 48 89
0x00007f5a24ba93b8:   f3 48 89 fd 48 83 ec 08 e8 fb db 01 00 49 89 c4
0x00007f5a24ba93c8:   8b 03 25 00 80 00 00 75 56 48 8b 93 88 00 00 00
0x00007f5a24ba93d8:   64 4c 8b 04 25 10 00 00 00 4c 3b 42 08 74 3c be 

Register to memory mapping:

RAX=0x000000000000002a is an unknown value
RBX=0x0000000000000000 is an unknown value
RCX=0x0000000000000000 is an unknown value
RDX=0xc0c0c40000000000 is an unknown value
RSP=0x00007f5a25727680 is pointing into the stack for thread: 0x00007f5a1c008000
RBP=0x00007f5a257276c0 is pointing into the stack for thread: 0x00007f5a1c008000
RSI=0x0000000000000000 is an unknown value
RDI=0x00007f5a257276c0 is pointing into the stack for thread: 0x00007f5a1c008000
R8 =0x000000000000c400 is an unknown value
R9 =0x000000000000002a is an unknown value
R10=0x000000000000044b is an unknown value
R11=0x00007f5a24ba93b0: fputs+0 in /lib64/libc.so.6 at 0x00007f5a24b3a000
R12=0x000000000000002a is an unknown value
R13={method} {0x00007f5a217b3318} 'print' '(ILjava/lang/String;)V' in 'HelloWorldFile'
R14=0x00007f5a25727920 is pointing into the stack for thread: 0x00007f5a1c008000
R15=0x00007f5a1c008000 is a thread


Stack: [0x00007f5a25628000,0x00007f5a25729000],  sp=0x00007f5a25727680,  free space=1021k
Native frames: (J=compiled Java code, j=interpreted, Vv=VM code, C=native code)
C  [libc.so.6+0x6f3c8]  fputs+0x18
C  0x646e6f6365537472

Java frames: (J=compiled Java code, j=interpreted, Vv=VM code)
j  HelloWorldFile.print(ILjava/lang/String;)V+0
j  HelloWorldFile.main([Ljava/lang/String;)V+15
v  ~StubRoutines::call_stub

---------------  P R O C E S S  ---------------

Java Threads: ( => current thread )
  0x00007f5a1c0e0800 JavaThread "Service Thread" daemon [_thread_blocked, id=46114, stack(0x00007f5a0c8f9000,0x00007f5a0c9fa000)]
  0x00007f5a1c0bb800 JavaThread "C1 CompilerThread2" daemon [_thread_blocked, id=46113, stack(0x00007f5a0c9fa000,0x00007f5a0cafb000)]
  0x00007f5a1c0b9800 JavaThread "C2 CompilerThread1" daemon [_thread_blocked, id=46112, stack(0x00007f5a0cafb000,0x00007f5a0cbfc000)]
  0x00007f5a1c0b6800 JavaThread "C2 CompilerThread0" daemon [_thread_blocked, id=46111, stack(0x00007f5a0cbfc000,0x00007f5a0ccfd000)]
  0x00007f5a1c0b5800 JavaThread "Signal Dispatcher" daemon [_thread_blocked, id=46110, stack(0x00007f5a0ccfd000,0x00007f5a0cdfe000)]
  0x00007f5a1c082800 JavaThread "Finalizer" daemon [_thread_blocked, id=46109, stack(0x00007f5a0cdfe000,0x00007f5a0ceff000)]
  0x00007f5a1c07e000 JavaThread "Reference Handler" daemon [_thread_blocked, id=46108, stack(0x00007f5a0ceff000,0x00007f5a0d000000)]
=>0x00007f5a1c008000 JavaThread "main" [_thread_in_native, id=46102, stack(0x00007f5a25628000,0x00007f5a25729000)]

Other Threads:
  0x00007f5a1c076000 VMThread [stack: 0x00007f5a200a3000,0x00007f5a201a4000] [id=46107]
  0x00007f5a1c0e3800 WatcherThread [stack: 0x00007f5a0c7f8000,0x00007f5a0c8f9000] [id=46115]

VM state:not at safepoint (normal execution)

VM Mutex/Monitor currently owned by a thread: None

Heap:
 PSYoungGen      total 37888K, used 1310K [0x00000000d6700000, 0x00000000d9100000, 0x0000000100000000)
  eden space 32768K, 4% used [0x00000000d6700000,0x00000000d6847b08,0x00000000d8700000)
  from space 5120K, 0% used [0x00000000d8c00000,0x00000000d8c00000,0x00000000d9100000)
  to   space 5120K, 0% used [0x00000000d8700000,0x00000000d8700000,0x00000000d8c00000)
 ParOldGen       total 86016K, used 0K [0x0000000083400000, 0x0000000088800000, 0x00000000d6700000)
  object space 86016K, 0% used [0x0000000083400000,0x0000000083400000,0x0000000088800000)
 Metaspace       used 2459K, capacity 4486K, committed 4864K, reserved 1056768K
  class space    used 267K, capacity 386K, committed 512K, reserved 1048576K

Card table byte_map: [0x00007f5a22637000,0x00007f5a22a1e000] byte_map_base: 0x00007f5a2221d000

Marking Bits: (ParMarkBitMap*) 0x00007f5a24b0dd60
 Begin Bits: [0x00007f5a041a0000, 0x00007f5a060d0000)
 End Bits:   [0x00007f5a060d0000, 0x00007f5a08000000)

Polling page: 0x00007f5a2575a000

CodeCache: size=245760Kb used=1077Kb max_used=1084Kb free=244682Kb
 bounds [0x00007f5a0d000000, 0x00007f5a0d270000, 0x00007f5a1c000000]
 total_blobs=240 nmethods=13 adapters=143
 compilation: enabled

Compilation events (10 events):
Event: 0,067 Thread 0x00007f5a1c0bb800    9       3       java.lang.Math::min (11 bytes)
Event: 0,067 Thread 0x00007f5a1c0bb800 nmethod 9 0x00007f5a0d10c050 code [0x00007f5a0d10c1c0, 0x00007f5a0d10c350]
Event: 0,067 Thread 0x00007f5a1c0bb800   10       1       java.lang.ref.Reference::get (5 bytes)
Event: 0,067 Thread 0x00007f5a1c0bb800 nmethod 10 0x00007f5a0d10a7d0 code [0x00007f5a0d10a920, 0x00007f5a0d10aa30]
Event: 0,067 Thread 0x00007f5a1c0bb800   11       3       java.util.Arrays::copyOfRange (63 bytes)
Event: 0,068 Thread 0x00007f5a1c0bb800 nmethod 11 0x00007f5a0d10add0 code [0x00007f5a0d10afe0, 0x00007f5a0d10baf8]
Event: 0,069 Thread 0x00007f5a1c0bb800   12       1       java.lang.ThreadLocal::access$400 (5 bytes)
Event: 0,069 Thread 0x00007f5a1c0bb800 nmethod 12 0x00007f5a0d10a290 code [0x00007f5a0d10a3e0, 0x00007f5a0d10a4d0]
Event: 0,071 Thread 0x00007f5a1c0bb800   13       3       java.lang.String::getChars (62 bytes)
Event: 0,072 Thread 0x00007f5a1c0bb800 nmethod 13 0x00007f5a0d10edd0 code [0x00007f5a0d10ef80, 0x00007f5a0d10f3b8]

GC Heap History (0 events):
No events

Deoptimization events (0 events):
No events

Internal exceptions (2 events):
Event: 0,030 Thread 0x00007f5a1c008000 Exception <a 'java/lang/NoSuchMethodError': Method sun.misc.Unsafe.defineClass(Ljava/lang/String;[BII)Ljava/lang/Class; name or signature does not match> (0x00000000d6707cc0) thrown at [/HUDSON/workspace/8-2-build-linux-amd64/jdk8u91/6644/hotspot/src/shar
Event: 0,031 Thread 0x00007f5a1c008000 Exception <a 'java/lang/NoSuchMethodError': Method sun.misc.Unsafe.prefetchRead(Ljava/lang/Object;J)V name or signature does not match> (0x00000000d6707fa8) thrown at [/HUDSON/workspace/8-2-build-linux-amd64/jdk8u91/6644/hotspot/src/share/vm/prims/jni.cpp

Events (10 events):
Event: 0,073 loading class java/security/BasicPermissionCollection
Event: 0,073 loading class java/security/BasicPermissionCollection done
Event: 0,074 loading class sun/launcher/LauncherHelper$FXHelper
Event: 0,074 loading class sun/launcher/LauncherHelper$FXHelper done
Event: 0,074 loading class java/lang/Class$MethodArray
Event: 0,074 loading class java/lang/Class$MethodArray done
Event: 0,074 loading class java/lang/Void
Event: 0,074 loading class java/lang/Void done
Event: 0,075 loading class java/lang/ClassLoaderHelper
Event: 0,075 loading class java/lang/ClassLoaderHelper done


Dynamic libraries:
00400000-00401000 r-xp 00000000 08:02 19537642                           /usr/java/jdk1.8.0_91/jre/bin/java
00600000-00601000 rw-p 00000000 08:02 19537642                           /usr/java/jdk1.8.0_91/jre/bin/java
02405000-02426000 rw-p 00000000 00:00 0                                  [heap]
83400000-88800000 rw-p 00000000 00:00 0 
88800000-d6700000 ---p 00000000 00:00 0 
d6700000-d9100000 rw-p 00000000 00:00 0 
d9100000-100000000 ---p 00000000 00:00 0 
100000000-100080000 rw-p 00000000 00:00 0 
100080000-140000000 ---p 00000000 00:00 0 
7f59cc000000-7f59cc021000 rw-p 00000000 00:00 0 
7f59cc021000-7f59d0000000 ---p 00000000 00:00 0 
7f59d0000000-7f59d0021000 rw-p 00000000 00:00 0 
7f59d0021000-7f59d4000000 ---p 00000000 00:00 0 
7f59d4000000-7f59d4021000 rw-p 00000000 00:00 0 
7f59d4021000-7f59d8000000 ---p 00000000 00:00 0 
7f59d8000000-7f59d8035000 rw-p 00000000 00:00 0 
7f59d8035000-7f59dc000000 ---p 00000000 00:00 0 
7f59dc000000-7f59dc03e000 rw-p 00000000 00:00 0 
7f59dc03e000-7f59e0000000 ---p 00000000 00:00 0 
7f59e153c000-7f59e8000000 r--p 00000000 08:02 19013087                   /usr/lib/locale/locale-archive
7f59e8000000-7f59e8021000 rw-p 00000000 00:00 0 
7f59e8021000-7f59ec000000 ---p 00000000 00:00 0 
7f59ec000000-7f59ec021000 rw-p 00000000 00:00 0 
7f59ec021000-7f59f0000000 ---p 00000000 00:00 0 
7f59f0000000-7f59f0021000 rw-p 00000000 00:00 0 
7f59f0021000-7f59f4000000 ---p 00000000 00:00 0 
7f59f4000000-7f59f4021000 rw-p 00000000 00:00 0 
7f59f4021000-7f59f8000000 ---p 00000000 00:00 0 
7f59f8000000-7f59f8021000 rw-p 00000000 00:00 0 
7f59f8021000-7f59fc000000 ---p 00000000 00:00 0 
7f59fc000000-7f59fc021000 rw-p 00000000 00:00 0 
7f59fc021000-7f5a00000000 ---p 00000000 00:00 0 
7f5a00000000-7f5a00021000 rw-p 00000000 00:00 0 
7f5a00021000-7f5a04000000 ---p 00000000 00:00 0 
7f5a041a0000-7f5a08000000 rw-p 00000000 00:00 0 
7f5a08000000-7f5a08021000 rw-p 00000000 00:00 0 
7f5a08021000-7f5a0c000000 ---p 00000000 00:00 0 
7f5a0c5f6000-7f5a0c5f7000 r-xp 00000000 08:02 9573455                    /home/steven/development/stevenprogramming_git/stevenprogramming/c-c++/c/proyecto_1/jni/libHelloWorldFile.so
7f5a0c5f7000-7f5a0c7f6000 ---p 00001000 08:02 9573455                    /home/steven/development/stevenprogramming_git/stevenprogramming/c-c++/c/proyecto_1/jni/libHelloWorldFile.so
7f5a0c7f6000-7f5a0c7f7000 r--p 00000000 08:02 9573455                    /home/steven/development/stevenprogramming_git/stevenprogramming/c-c++/c/proyecto_1/jni/libHelloWorldFile.so
7f5a0c7f7000-7f5a0c7f8000 rw-p 00001000 08:02 9573455                    /home/steven/development/stevenprogramming_git/stevenprogramming/c-c++/c/proyecto_1/jni/libHelloWorldFile.so
7f5a0c7f8000-7f5a0c7f9000 ---p 00000000 00:00 0 
7f5a0c7f9000-7f5a0c8f9000 rw-p 00000000 00:00 0 
7f5a0c8f9000-7f5a0c8fc000 ---p 00000000 00:00 0 
7f5a0c8fc000-7f5a0c9fa000 rw-p 00000000 00:00 0 
7f5a0c9fa000-7f5a0c9fd000 ---p 00000000 00:00 0 
7f5a0c9fd000-7f5a0cafb000 rw-p 00000000 00:00 0 
7f5a0cafb000-7f5a0cafe000 ---p 00000000 00:00 0 
7f5a0cafe000-7f5a0cbfc000 rw-p 00000000 00:00 0 
7f5a0cbfc000-7f5a0cbff000 ---p 00000000 00:00 0 
7f5a0cbff000-7f5a0ccfd000 rw-p 00000000 00:00 0 
7f5a0ccfd000-7f5a0cd00000 ---p 00000000 00:00 0 
7f5a0cd00000-7f5a0cdfe000 rw-p 00000000 00:00 0 
7f5a0cdfe000-7f5a0ce01000 ---p 00000000 00:00 0 
7f5a0ce01000-7f5a0ceff000 rw-p 00000000 00:00 0 
7f5a0ceff000-7f5a0cf02000 ---p 00000000 00:00 0 
7f5a0cf02000-7f5a0d000000 rw-p 00000000 00:00 0 
7f5a0d000000-7f5a0d270000 rwxp 00000000 00:00 0 
7f5a0d270000-7f5a1c000000 ---p 00000000 00:00 0 
7f5a1c000000-7f5a1c0f6000 rw-p 00000000 00:00 0 
7f5a1c0f6000-7f5a20000000 ---p 00000000 00:00 0 
7f5a200a3000-7f5a200a4000 ---p 00000000 00:00 0 
7f5a200a4000-7f5a21165000 rw-p 00000000 00:00 0 
7f5a21165000-7f5a2133d000 r--s 03cd8000 08:02 19537721                   /usr/java/jdk1.8.0_91/jre/lib/rt.jar
7f5a2133d000-7f5a217f3000 rw-p 00000000 00:00 0 
7f5a217f3000-7f5a21bb3000 ---p 00000000 00:00 0 
7f5a21bb3000-7f5a21f99000 rw-p 00000000 00:00 0 
7f5a21f99000-7f5a21f9a000 ---p 00000000 00:00 0 
7f5a21f9a000-7f5a2209a000 rw-p 00000000 00:00 0 
7f5a2209a000-7f5a2209b000 ---p 00000000 00:00 0 
7f5a2209b000-7f5a2219b000 rw-p 00000000 00:00 0 
7f5a2219b000-7f5a2219c000 ---p 00000000 00:00 0 
7f5a2219c000-7f5a2229c000 rw-p 00000000 00:00 0 
7f5a2229c000-7f5a2229d000 ---p 00000000 00:00 0 
7f5a2229d000-7f5a223c7000 rw-p 00000000 00:00 0 
7f5a223c7000-7f5a22637000 ---p 00000000 00:00 0 
7f5a22637000-7f5a22661000 rw-p 00000000 00:00 0 
7f5a22661000-7f5a228d0000 ---p 00000000 00:00 0 
7f5a228d0000-7f5a228e6000 rw-p 00000000 00:00 0 
7f5a228e6000-7f5a22a1d000 ---p 00000000 00:00 0 
7f5a22a1d000-7f5a22a28000 rw-p 00000000 00:00 0 
7f5a22a28000-7f5a22dde000 ---p 00000000 00:00 0 
7f5a22dde000-7f5a22df8000 r-xp 00000000 08:02 19537715                   /usr/java/jdk1.8.0_91/jre/lib/amd64/libzip.so
7f5a22df8000-7f5a22ff8000 ---p 0001a000 08:02 19537715                   /usr/java/jdk1.8.0_91/jre/lib/amd64/libzip.so
7f5a22ff8000-7f5a22ff9000 rw-p 0001a000 08:02 19537715                   /usr/java/jdk1.8.0_91/jre/lib/amd64/libzip.so
7f5a22ff9000-7f5a23003000 r-xp 00000000 08:02 18616499                   /usr/lib64/libnss_files-2.24.so
7f5a23003000-7f5a23203000 ---p 0000a000 08:02 18616499                   /usr/lib64/libnss_files-2.24.so
7f5a23203000-7f5a23204000 r--p 0000a000 08:02 18616499                   /usr/lib64/libnss_files-2.24.so
7f5a23204000-7f5a23205000 rw-p 0000b000 08:02 18616499                   /usr/lib64/libnss_files-2.24.so
7f5a23205000-7f5a2320b000 rw-p 00000000 00:00 0 
7f5a2320b000-7f5a23235000 r-xp 00000000 08:02 19537679                   /usr/java/jdk1.8.0_91/jre/lib/amd64/libjava.so
7f5a23235000-7f5a23435000 ---p 0002a000 08:02 19537679                   /usr/java/jdk1.8.0_91/jre/lib/amd64/libjava.so
7f5a23435000-7f5a23437000 rw-p 0002a000 08:02 19537679                   /usr/java/jdk1.8.0_91/jre/lib/amd64/libjava.so
7f5a23437000-7f5a23444000 r-xp 00000000 08:02 19537714                   /usr/java/jdk1.8.0_91/jre/lib/amd64/libverify.so
7f5a23444000-7f5a23644000 ---p 0000d000 08:02 19537714                   /usr/java/jdk1.8.0_91/jre/lib/amd64/libverify.so
7f5a23644000-7f5a23646000 rw-p 0000d000 08:02 19537714                   /usr/java/jdk1.8.0_91/jre/lib/amd64/libverify.so
7f5a23646000-7f5a2364d000 r-xp 00000000 08:02 18616908                   /usr/lib64/librt-2.24.so
7f5a2364d000-7f5a2384c000 ---p 00007000 08:02 18616908                   /usr/lib64/librt-2.24.so
7f5a2384c000-7f5a2384d000 r--p 00006000 08:02 18616908                   /usr/lib64/librt-2.24.so
7f5a2384d000-7f5a2384e000 rw-p 00007000 08:02 18616908                   /usr/lib64/librt-2.24.so
7f5a2384e000-7f5a23956000 r-xp 00000000 08:02 18616287                   /usr/lib64/libm-2.24.so
7f5a23956000-7f5a23b55000 ---p 00108000 08:02 18616287                   /usr/lib64/libm-2.24.so
7f5a23b55000-7f5a23b56000 r--p 00107000 08:02 18616287                   /usr/lib64/libm-2.24.so
7f5a23b56000-7f5a23b57000 rw-p 00108000 08:02 18616287                   /usr/lib64/libm-2.24.so
7f5a23b57000-7f5a24817000 r-xp 00000000 08:02 19664111                   /usr/java/jdk1.8.0_91/jre/lib/amd64/server/libjvm.so
7f5a24817000-7f5a24a17000 ---p 00cc0000 08:02 19664111                   /usr/java/jdk1.8.0_91/jre/lib/amd64/server/libjvm.so
7f5a24a17000-7f5a24aef000 rw-p 00cc0000 08:02 19664111                   /usr/java/jdk1.8.0_91/jre/lib/amd64/server/libjvm.so
7f5a24aef000-7f5a24b3a000 rw-p 00000000 00:00 0 
7f5a24b3a000-7f5a24cf7000 r-xp 00000000 08:02 18615827                   /usr/lib64/libc-2.24.so
7f5a24cf7000-7f5a24ef6000 ---p 001bd000 08:02 18615827                   /usr/lib64/libc-2.24.so
7f5a24ef6000-7f5a24efa000 r--p 001bc000 08:02 18615827                   /usr/lib64/libc-2.24.so
7f5a24efa000-7f5a24efc000 rw-p 001c0000 08:02 18615827                   /usr/lib64/libc-2.24.so
7f5a24efc000-7f5a24f00000 rw-p 00000000 00:00 0 
7f5a24f00000-7f5a24f03000 r-xp 00000000 08:02 18615970                   /usr/lib64/libdl-2.24.so
7f5a24f03000-7f5a25102000 ---p 00003000 08:02 18615970                   /usr/lib64/libdl-2.24.so
7f5a25102000-7f5a25103000 r--p 00002000 08:02 18615970                   /usr/lib64/libdl-2.24.so
7f5a25103000-7f5a25104000 rw-p 00003000 08:02 18615970                   /usr/lib64/libdl-2.24.so
7f5a25104000-7f5a25119000 r-xp 00000000 08:02 19664107                   /usr/java/jdk1.8.0_91/jre/lib/amd64/jli/libjli.so
7f5a25119000-7f5a25319000 ---p 00015000 08:02 19664107                   /usr/java/jdk1.8.0_91/jre/lib/amd64/jli/libjli.so
7f5a25319000-7f5a2531a000 rw-p 00015000 08:02 19664107                   /usr/java/jdk1.8.0_91/jre/lib/amd64/jli/libjli.so
7f5a2531a000-7f5a25332000 r-xp 00000000 08:02 18616655                   /usr/lib64/libpthread-2.24.so
7f5a25332000-7f5a25532000 ---p 00018000 08:02 18616655                   /usr/lib64/libpthread-2.24.so
7f5a25532000-7f5a25533000 r--p 00018000 08:02 18616655                   /usr/lib64/libpthread-2.24.so
7f5a25533000-7f5a25534000 rw-p 00019000 08:02 18616655                   /usr/lib64/libpthread-2.24.so
7f5a25534000-7f5a25538000 rw-p 00000000 00:00 0 
7f5a25538000-7f5a2555d000 r-xp 00000000 08:02 18612803                   /usr/lib64/ld-2.24.so
7f5a2555d000-7f5a25628000 rw-p 00000000 00:00 0 
7f5a25628000-7f5a2562b000 ---p 00000000 00:00 0 
7f5a2562b000-7f5a2572b000 rw-p 00000000 00:00 0 
7f5a25730000-7f5a25751000 rw-p 00000000 00:00 0 
7f5a25751000-7f5a25759000 rw-s 00000000 00:27 5558221                    /tmp/hsperfdata_steven/46101
7f5a25759000-7f5a2575a000 rw-p 00000000 00:00 0 
7f5a2575a000-7f5a2575b000 r--p 00000000 00:00 0 
7f5a2575b000-7f5a2575d000 rw-p 00000000 00:00 0 
7f5a2575d000-7f5a2575e000 r--p 00025000 08:02 18612803                   /usr/lib64/ld-2.24.so
7f5a2575e000-7f5a2575f000 rw-p 00026000 08:02 18612803                   /usr/lib64/ld-2.24.so
7f5a2575f000-7f5a25760000 rw-p 00000000 00:00 0 
7ffdf22f7000-7ffdf2319000 rw-p 00000000 00:00 0                          [stack]
7ffdf23f9000-7ffdf23fb000 r--p 00000000 00:00 0                          [vvar]
7ffdf23fb000-7ffdf23fd000 r-xp 00000000 00:00 0                          [vdso]
ffffffffff600000-ffffffffff601000 r-xp 00000000 00:00 0                  [vsyscall]

VM Arguments:
jvm_args: -Djava.library.path=. 
java_command: HelloWorldFile
java_class_path (initial): .
Launcher Type: SUN_STANDARD

Environment Variables:
JAVA_HOME=/usr/java/jdk1.8.0_91
PATH=/home/steven/development/AEM6.1/sources/apache-maven/apache-maven-3.3.9//bin:/usr/lib64/qt-3.3/bin:/usr/local/bin:/usr/bin:/bin:/usr/local/sbin:/usr/sbin:/home/steven/.local/bin:/home/steven/bin:/usr/java/jdk1.8.0_91/bin
SHELL=/bin/bash
DISPLAY=:0

Signal Handlers:
SIGSEGV: [libjvm.so+0xabca10], sa_mask[0]=11111111011111111101111111111110, sa_flags=SA_RESTART|SA_SIGINFO
SIGBUS: [libjvm.so+0xabca10], sa_mask[0]=11111111011111111101111111111110, sa_flags=SA_RESTART|SA_SIGINFO
SIGFPE: [libjvm.so+0x919a20], sa_mask[0]=11111111011111111101111111111110, sa_flags=SA_RESTART|SA_SIGINFO
SIGPIPE: [libjvm.so+0x919a20], sa_mask[0]=11111111011111111101111111111110, sa_flags=SA_RESTART|SA_SIGINFO
SIGXFSZ: [libjvm.so+0x919a20], sa_mask[0]=11111111011111111101111111111110, sa_flags=SA_RESTART|SA_SIGINFO
SIGILL: [libjvm.so+0x919a20], sa_mask[0]=11111111011111111101111111111110, sa_flags=SA_RESTART|SA_SIGINFO
SIGUSR1: SIG_DFL, sa_mask[0]=00000000000000000000000000000000, sa_flags=none
SIGUSR2: [libjvm.so+0x91b050], sa_mask[0]=00000000000000000000000000000000, sa_flags=SA_RESTART|SA_SIGINFO
SIGHUP: [libjvm.so+0x91c450], sa_mask[0]=11111111011111111101111111111110, sa_flags=SA_RESTART|SA_SIGINFO
SIGINT: [libjvm.so+0x91c450], sa_mask[0]=11111111011111111101111111111110, sa_flags=SA_RESTART|SA_SIGINFO
SIGTERM: [libjvm.so+0x91c450], sa_mask[0]=11111111011111111101111111111110, sa_flags=SA_RESTART|SA_SIGINFO
SIGQUIT: [libjvm.so+0x91c450], sa_mask[0]=11111111011111111101111111111110, sa_flags=SA_RESTART|SA_SIGINFO


---------------  S Y S T E M  ---------------

OS:Fedora release 25 (Twenty Five)

uname:Linux 4.9.3-200.fc25.x86_64 #1 SMP Fri Jan 13 01:01:13 UTC 2017 x86_64
libc:glibc 2.24 NPTL 2.24 
rlimit: STACK 8192k, CORE 0k, NPROC 65536, NOFILE 16384, AS infinity
load average:0,22 0,18 0,19

/proc/meminfo:
MemTotal:        8175024 kB
MemFree:         1370560 kB
MemAvailable:    3910112 kB
Buffers:          484612 kB
Cached:          2061180 kB
SwapCached:            0 kB
Active:          5085388 kB
Inactive:         855692 kB
Active(anon):    3401884 kB
Inactive(anon):   143564 kB
Active(file):    1683504 kB
Inactive(file):   712128 kB
Unevictable:          32 kB
Mlocked:              32 kB
SwapTotal:             0 kB
SwapFree:              0 kB
Dirty:             33356 kB
Writeback:             4 kB
AnonPages:       3395364 kB
Mapped:           584880 kB
Shmem:            150160 kB
Slab:             550240 kB
SReclaimable:     449820 kB
SUnreclaim:       100420 kB
KernelStack:       16464 kB
PageTables:       104128 kB
NFS_Unstable:          0 kB
Bounce:                0 kB
WritebackTmp:          0 kB
CommitLimit:     4087512 kB
Committed_AS:   13334944 kB
VmallocTotal:   34359738367 kB
VmallocUsed:           0 kB
VmallocChunk:          0 kB
HardwareCorrupted:     0 kB
AnonHugePages:      2048 kB
ShmemHugePages:        0 kB
ShmemPmdMapped:        0 kB
CmaTotal:              0 kB
CmaFree:               0 kB
HugePages_Total:       0
HugePages_Free:        0
HugePages_Rsvd:        0
HugePages_Surp:        0
Hugepagesize:       2048 kB
DirectMap4k:     1304192 kB
DirectMap2M:     7084032 kB
DirectMap1G:     2097152 kB


CPU:total 4 (4 cores per cpu, 1 threads per core) family 16 model 4 stepping 2, cmov, cx8, fxsr, mmx, sse, sse2, sse3, popcnt, mmxext, 3dnowpref, lzcnt, sse4a, tsc, tscinvbit, tscinv

/proc/cpuinfo:
processor	: 0
vendor_id	: AuthenticAMD
cpu family	: 16
model		: 4
model name	: AMD Phenom(tm) II X4 945 Processor
stepping	: 2
microcode	: 0x10000db
cpu MHz		: 800.000
cache size	: 512 KB
physical id	: 0
siblings	: 4
core id		: 0
cpu cores	: 4
apicid		: 0
initial apicid	: 0
fpu		: yes
fpu_exception	: yes
cpuid level	: 5
wp		: yes
flags		: fpu vme de pse tsc msr pae mce cx8 apic sep mtrr pge mca cmov pat pse36 clflush mmx fxsr sse sse2 ht syscall nx mmxext fxsr_opt pdpe1gb rdtscp lm 3dnowext 3dnow constant_tsc rep_good nopl nonstop_tsc extd_apicid eagerfpu pni monitor cx16 popcnt lahf_lm cmp_legacy svm extapic cr8_legacy abm sse4a misalignsse 3dnowprefetch osvw ibs skinit wdt hw_pstate vmmcall npt lbrv svm_lock nrip_save
bugs		: tlb_mmatch fxsave_leak sysret_ss_attrs null_seg
bogomips	: 6027.64
TLB size	: 1024 4K pages
clflush size	: 64
cache_alignment	: 64
address sizes	: 48 bits physical, 48 bits virtual
power management: ts ttp tm stc 100mhzsteps hwpstate

processor	: 1
vendor_id	: AuthenticAMD
cpu family	: 16
model		: 4
model name	: AMD Phenom(tm) II X4 945 Processor
stepping	: 2
microcode	: 0x10000db
cpu MHz		: 3000.000
cache size	: 512 KB
physical id	: 0
siblings	: 4
core id		: 1
cpu cores	: 4
apicid		: 1
initial apicid	: 1
fpu		: yes
fpu_exception	: yes
cpuid level	: 5
wp		: yes
flags		: fpu vme de pse tsc msr pae mce cx8 apic sep mtrr pge mca cmov pat pse36 clflush mmx fxsr sse sse2 ht syscall nx mmxext fxsr_opt pdpe1gb rdtscp lm 3dnowext 3dnow constant_tsc rep_good nopl nonstop_tsc extd_apicid eagerfpu pni monitor cx16 popcnt lahf_lm cmp_legacy svm extapic cr8_legacy abm sse4a misalignsse 3dnowprefetch osvw ibs skinit wdt hw_pstate vmmcall npt lbrv svm_lock nrip_save
bugs		: tlb_mmatch fxsave_leak sysret_ss_attrs null_seg
bogomips	: 6027.26
TLB size	: 1024 4K pages
clflush size	: 64
cache_alignment	: 64
address sizes	: 48 bits physical, 48 bits virtual
power management: ts ttp tm stc 100mhzsteps hwpstate

processor	: 2
vendor_id	: AuthenticAMD
cpu family	: 16
model		: 4
model name	: AMD Phenom(tm) II X4 945 Processor
stepping	: 2
microcode	: 0x10000db
cpu MHz		: 3000.000
cache size	: 512 KB
physical id	: 0
siblings	: 4
core id		: 2
cpu cores	: 4
apicid		: 2
initial apicid	: 2
fpu		: yes
fpu_exception	: yes
cpuid level	: 5
wp		: yes
flags		: fpu vme de pse tsc msr pae mce cx8 apic sep mtrr pge mca cmov pat pse36 clflush mmx fxsr sse sse2 ht syscall nx mmxext fxsr_opt pdpe1gb rdtscp lm 3dnowext 3dnow constant_tsc rep_good nopl nonstop_tsc extd_apicid eagerfpu pni monitor cx16 popcnt lahf_lm cmp_legacy svm extapic cr8_legacy abm sse4a misalignsse 3dnowprefetch osvw ibs skinit wdt hw_pstate vmmcall npt lbrv svm_lock nrip_save
bugs		: tlb_mmatch fxsave_leak sysret_ss_attrs null_seg
bogomips	: 6027.26
TLB size	: 1024 4K pages
clflush size	: 64
cache_alignment	: 64
address sizes	: 48 bits physical, 48 bits virtual
power management: ts ttp tm stc 100mhzsteps hwpstate

processor	: 3
vendor_id	: AuthenticAMD
cpu family	: 16
model		: 4
model name	: AMD Phenom(tm) II X4 945 Processor
stepping	: 2
microcode	: 0x10000db
cpu MHz		: 3000.000
cache size	: 512 KB
physical id	: 0
siblings	: 4
core id		: 3
cpu cores	: 4
apicid		: 3
initial apicid	: 3
fpu		: yes
fpu_exception	: yes
cpuid level	: 5
wp		: yes
flags		: fpu vme de pse tsc msr pae mce cx8 apic sep mtrr pge mca cmov pat pse36 clflush mmx fxsr sse sse2 ht syscall nx mmxext fxsr_opt pdpe1gb rdtscp lm 3dnowext 3dnow constant_tsc rep_good nopl nonstop_tsc extd_apicid eagerfpu pni monitor cx16 popcnt lahf_lm cmp_legacy svm extapic cr8_legacy abm sse4a misalignsse 3dnowprefetch osvw ibs skinit wdt hw_pstate vmmcall npt lbrv svm_lock nrip_save
bugs		: tlb_mmatch fxsave_leak sysret_ss_attrs null_seg
bogomips	: 6027.26
TLB size	: 1024 4K pages
clflush size	: 64
cache_alignment	: 64
address sizes	: 48 bits physical, 48 bits virtual
power management: ts ttp tm stc 100mhzsteps hwpstate



Memory: 4k page, physical 8175024k(1370560k free), swap 0k(0k free)

vm_info: Java HotSpot(TM) 64-Bit Server VM (25.91-b14) for linux-amd64 JRE (1.8.0_91-b14), built on Apr  1 2016 00:57:21 by "java_re" with gcc 4.3.0 20080428 (Red Hat 4.3.0-8)

time: Sun Jan 22 00:42:15 2017
elapsed time: 0 seconds (0d 0h 0m 0s)

